==============================================================================
Parsing Diagnostics
==============================================================================
Note: Successfully late-instantiated 5 template specializations.
Warning at PxPreprocessor.h:496: warning: variable length array folded to constant array as an extension [-Wgnu-folding-constant]

==============================================================================
Translation Diagnostics
==============================================================================
--------------------------- TranslatedParameter aQ ---------------------------
Warning: Non-constant default parameter values are not supported.
------------------------- TranslatedParameter flags --------------------------
Warning: Non-constant default parameter values are not supported.
------------------------- TranslatedParameter flags --------------------------
Warning: Non-constant default parameter values are not supported.
------------------------ TranslatedParameter scaling -------------------------
Warning: Non-constant default parameter values are not supported.
------------------------- TranslatedParameter flags --------------------------
Warning: Non-constant default parameter values are not supported.
------------------------ TranslatedParameter scaling -------------------------
Warning: Non-constant default parameter values are not supported.
------------------------- TranslatedParameter flags --------------------------
Warning: Non-constant default parameter values are not supported.
------------------------ TranslatedParameter hitFlags ------------------------
Warning: Non-constant default parameter values are not supported.
------------------------ TranslatedParameter hitFlags ------------------------
Warning: Non-constant default parameter values are not supported.
------------------------ TranslatedParameter distance ------------------------
Warning: Dropped default parameter value '3.40282347E+38' because parameter comes before non-defaulted parameter 'filterData'.
---------------------- TranslatedParameter maxTouchHits ----------------------
Warning: Dropped default parameter value '0' because parameter comes before non-defaulted parameter 'filterData'.
------------------------ TranslatedParameter hitFlags ------------------------
Warning: Non-constant default parameter values are not supported.
----------------------- TranslatedParameter filterData -----------------------
Warning: Non-constant default parameter values are not supported.
---------------------- TranslatedParameter maxTouchHits ----------------------
Warning: Dropped default parameter value '0' because parameter comes before non-defaulted parameter 'filterData'.
----------------------- TranslatedParameter filterData -----------------------
Warning: Non-constant default parameter values are not supported.
---------------------- TranslatedParameter maxTouchHits ----------------------
Warning: Dropped default parameter value '0' because parameter comes before non-defaulted parameter 'filterData'.
------------------------ TranslatedParameter hitFlags ------------------------
Warning: Non-constant default parameter values are not supported.
----------------------- TranslatedParameter filterData -----------------------
Warning: Non-constant default parameter values are not supported.
---------------------- TranslatedParameter isExclusive -----------------------
Warning: Dropped default parameter value '0' because parameter comes before non-defaulted parameter 'shapeFlags'.
----------------------- TranslatedParameter shapeFlags -----------------------
Warning: Non-constant default parameter values are not supported.
---------------------- TranslatedParameter isExclusive -----------------------
Warning: Dropped default parameter value '0' because parameter comes before non-defaulted parameter 'shapeFlags'.
----------------------- TranslatedParameter shapeFlags -----------------------
Warning: Non-constant default parameter values are not supported.
------------------------ TranslatedParameter hitFlags ------------------------
Warning: Non-constant default parameter values are not supported.
----------------------- TranslatedParameter filterData -----------------------
Warning: Non-constant default parameter values are not supported.
------------------------ TranslatedParameter hitFlags ------------------------
Warning: Non-constant default parameter values are not supported.
----------------------- TranslatedParameter filterData -----------------------
Warning: Non-constant default parameter values are not supported.
----------------------- TranslatedParameter filterData -----------------------
Warning: Non-constant default parameter values are not supported.
----------------------- TranslatedParameter allocator ------------------------
Warning: Non-constant default parameter values are not supported.
----------------------- TranslatedParameter shapeFlags -----------------------
Warning: Non-constant default parameter values are not supported.
----------------------- TranslatedParameter shapeFlags -----------------------
Warning: Non-constant default parameter values are not supported.
----------------------- TranslatedParameter filterData -----------------------
Warning: Non-constant default parameter values are not supported.
----------------------- TranslatedParameter filterData -----------------------
Warning: Non-constant default parameter values are not supported.
----------------------- TranslatedParameter filterData -----------------------
Warning: Non-constant default parameter values are not supported.
----------------------- TranslatedParameter filterData -----------------------
Warning: Non-constant default parameter values are not supported.
----------------------- TranslatedParameter filterData -----------------------
Warning: Non-constant default parameter values are not supported.
----------------------- TranslatedParameter filterData -----------------------
Warning: Non-constant default parameter values are not supported.
----------------------- TranslatedParameter filterData -----------------------
Warning: Non-constant default parameter values are not supported.
----------------------- TranslatedParameter filterData -----------------------
Warning: Non-constant default parameter values are not supported.
----------------------- TranslatedParameter filterData -----------------------
Warning: Non-constant default parameter values are not supported.
----------------------- TranslatedParameter filterData -----------------------
Warning: Non-constant default parameter values are not supported.
----------------------- TranslatedParameter inTypeName -----------------------
Warning: String constants are not supported as default parameter values.
------------------ TranslatedEnum <>UnnamedTranslatedEnum_0 ------------------
Warning: Renamed duplicate Biohazrd.TranslatedEnum declaration '<>UnnamedTranslatedEnum' -> '<>UnnamedTranslatedEnum_0'
------------------ TranslatedEnum <>UnnamedTranslatedEnum_1 ------------------
Warning: Renamed duplicate Biohazrd.TranslatedEnum declaration '<>UnnamedTranslatedEnum' -> '<>UnnamedTranslatedEnum_1'
------------------ TranslatedEnum <>UnnamedTranslatedEnum_2 ------------------
Warning: Renamed duplicate Biohazrd.TranslatedEnum declaration '<>UnnamedTranslatedEnum' -> '<>UnnamedTranslatedEnum_2'
---------------------- TranslatedParameter shapeOffset -----------------------
Warning: Non-constant default parameter values are not supported.
---------------------- TranslatedParameter shapeOffset -----------------------
Warning: Non-constant default parameter values are not supported.
---------------------- TranslatedParameter shapeOffset -----------------------
Warning: Non-constant default parameter values are not supported.

==============================================================================
Broken Declarations
==============================================================================
-------------- TranslatedStaticField INVALID_FILTER_PAIR_INDEX ---------------
Error: Could not resolve symbol '?INVALID_FILTER_PAIR_INDEX@physx@@3IB'
-------------------- TranslatedStaticField PX_MAX_CLIENTS --------------------
Error: Could not resolve symbol '?PX_MAX_CLIENTS@physx@@3EB'
------------------ TranslatedStaticField PX_DEFAULT_CLIENT -------------------
Error: Could not resolve symbol '?PX_DEFAULT_CLIENT@physx@@3EB'
--------------------- TranslatedStaticField PxPiDivFour ----------------------
Error: Could not resolve symbol '?PxPiDivFour@physx@@3MB'
---------------------- TranslatedStaticField PxPiDivTwo ----------------------
Error: Could not resolve symbol '?PxPiDivTwo@physx@@3MB'
---------------------- TranslatedStaticField PxInvTwoPi ----------------------
Error: Could not resolve symbol '?PxInvTwoPi@physx@@3MB'
----------------------- TranslatedStaticField PxInvPi ------------------------
Error: Could not resolve symbol '?PxInvPi@physx@@3MB'
----------------------- TranslatedStaticField PxTwoPi ------------------------
Error: Could not resolve symbol '?PxTwoPi@physx@@3MB'
----------------------- TranslatedStaticField PxHalfPi -----------------------
Error: Could not resolve symbol '?PxHalfPi@physx@@3MB'
------------------------- TranslatedStaticField PxPi -------------------------
Error: Could not resolve symbol '?PxPi@physx@@3MB'
------------------- TranslatedStaticField STREAM_SEEK_END --------------------
Error: Could not resolve symbol '?STREAM_SEEK_END@PxFileBuf@general_PxIOStream2@physx@@2IB'
----------------------- TranslatedFunction Constructor -----------------------
Warning: Constructor needs to be exported to be accessible, but it is abstract.
Error: Could not resolve symbol '??0PxFileBuf@general_PxIOStream2@physx@@QEAA@W4EndianMode@012@@Z'
----------- TranslatedUnsupportedDeclaration PxCreateRepXObject_1 ------------
Warning at PxRepXSerializer.h:128: Templates are not supported.
Warning: Renamed duplicate Biohazrd.TranslatedUnsupportedDeclaration declaration 'PxCreateRepXObject' -> 'PxCreateRepXObject_1'
Error: Declarations not supported by Biohazrd cannot be translated to C#.
----------- TranslatedUnsupportedDeclaration PxCreateRepXObject_0 ------------
Warning at PxRepXSerializer.h:110: Templates are not supported.
Warning: Renamed duplicate Biohazrd.TranslatedUnsupportedDeclaration declaration 'PxCreateRepXObject' -> 'PxCreateRepXObject_0'
Error: Declarations not supported by Biohazrd cannot be translated to C#.
----------------------- TranslatedFunction Constructor -----------------------
Warning: Constructor needs to be exported to be accessible, but it is abstract.
Error: Could not resolve symbol '??0PxObstacleContext@physx@@QEAA@XZ'
------------ TranslatedUnsupportedDeclaration PxBatchQueryResult -------------
Warning at PxBatchQueryDesc.h:81: Templates are not supported.
Error: Declarations not supported by Biohazrd cannot be translated to C#.
-------------- TranslatedUnsupportedDeclaration PxSweepBufferN ---------------
Warning at PxQueryReport.h:379: Templates are not supported.
Error: Declarations not supported by Biohazrd cannot be translated to C#.
------------- TranslatedUnsupportedDeclaration PxOverlapBufferN --------------
Warning at PxQueryReport.h:371: Templates are not supported.
Error: Declarations not supported by Biohazrd cannot be translated to C#.
------------- TranslatedUnsupportedDeclaration PxRaycastBufferN --------------
Warning at PxQueryReport.h:363: Templates are not supported.
Error: Declarations not supported by Biohazrd cannot be translated to C#.
---------------- TranslatedUnsupportedDeclaration PxHitBuffer ----------------
Warning at PxQueryReport.h:310: Templates are not supported.
Error: Declarations not supported by Biohazrd cannot be translated to C#.
--------------- TranslatedUnsupportedDeclaration PxHitCallback ---------------
Warning at PxQueryReport.h:232: Templates are not supported.
Error: Declarations not supported by Biohazrd cannot be translated to C#.
------------------- TranslatedUnsupportedDeclaration get_1 -------------------
Warning at PxGeometryHelpers.h:187: Templates are not supported.
Warning: Renamed duplicate Biohazrd.TranslatedUnsupportedDeclaration declaration 'get' -> 'get_1'
Error: Declarations not supported by Biohazrd cannot be translated to C#.
------------------- TranslatedUnsupportedDeclaration get_0 -------------------
Warning at PxGeometryHelpers.h:181: Templates are not supported.
Warning: Renamed duplicate Biohazrd.TranslatedUnsupportedDeclaration declaration 'get' -> 'get_0'
Error: Declarations not supported by Biohazrd cannot be translated to C#.
-------------------- TranslatedUnsupportedDeclaration put --------------------
Warning at PxGeometryHelpers.h:176: Templates are not supported.
Error: Declarations not supported by Biohazrd cannot be translated to C#.
----------------------- TranslatedFunction Constructor -----------------------
Warning: Constructor needs to be exported to be accessible, but it is abstract.
Error: Could not resolve symbol '??0PxGpuLoadHook@@QEAA@XZ'
----------------------- TranslatedFunction Constructor -----------------------
Warning: Constructor needs to be exported to be accessible, but it is abstract.
Error: Could not resolve symbol '??0PxLightCpuTask@physx@@QEAA@XZ'
----------------------- TranslatedFunction Constructor -----------------------
Warning: Constructor needs to be exported to be accessible, but it is abstract.
Error: Could not resolve symbol '??0PxTask@physx@@QEAA@XZ'
----------------------- TranslatedFunction Constructor -----------------------
Warning: Constructor needs to be exported to be accessible, but it is abstract.
Error: Could not resolve symbol '??0PxBaseTask@physx@@QEAA@XZ'
----------------------- TranslatedFunction Constructor -----------------------
Warning: Constructor needs to be exported to be accessible, but it is abstract.
Error: Could not resolve symbol '??0PxPhysicsInsertionCallback@physx@@QEAA@XZ'
-------- TranslatedUnsupportedDeclaration PxSerializerDefaultAdapter ---------
Warning at PxSerializer.h:150: Templates are not supported.
Error: Declarations not supported by Biohazrd cannot be translated to C#.
---------- TranslatedUnsupportedDeclaration PxFixedSizeLookupTable -----------
Warning at PxCoreUtilityTypes.h:100: Templates are not supported.
Error: Declarations not supported by Biohazrd cannot be translated to C#.
----------------- TranslatedUnsupportedDeclaration PxPadding -----------------
Warning at PxCoreUtilityTypes.h:89: Templates are not supported.
Error: Declarations not supported by Biohazrd cannot be translated to C#.
------------ TranslatedUnsupportedDeclaration PxTypedStridedData -------------
Warning at PxCoreUtilityTypes.h:69: Templates are not supported.
Error: Declarations not supported by Biohazrd cannot be translated to C#.
-------------------- TranslatedUnsupportedDeclaration at ---------------------
Warning at PxCoreUtilityTypes.h:58: Templates are not supported.
Error: Declarations not supported by Biohazrd cannot be translated to C#.
---------------- TranslatedUnsupportedDeclaration PxUnionCast ----------------
Warning at PxUnionCast.h:51: Templates are not supported.
Error: Declarations not supported by Biohazrd cannot be translated to C#.
------------- TranslatedUnsupportedDeclaration PxMakeIterator_1 --------------
Warning at PxStrideIterator.h:342: Templates are not supported.
Warning: Renamed duplicate Biohazrd.TranslatedUnsupportedDeclaration declaration 'PxMakeIterator' -> 'PxMakeIterator_1'
Error: Declarations not supported by Biohazrd cannot be translated to C#.
------------- TranslatedUnsupportedDeclaration PxMakeIterator_0 --------------
Warning at PxStrideIterator.h:333: Templates are not supported.
Warning: Renamed duplicate Biohazrd.TranslatedUnsupportedDeclaration declaration 'PxMakeIterator' -> 'PxMakeIterator_0'
Error: Declarations not supported by Biohazrd cannot be translated to C#.
----------------- TranslatedUnsupportedDeclaration operator+ -----------------
Warning at PxStrideIterator.h:323: Templates are not supported.
Error: Declarations not supported by Biohazrd cannot be translated to C#.
------------- TranslatedUnsupportedDeclaration PxStrideIterator --------------
Warning at PxStrideIterator.h:80: Templates are not supported.
Error: Declarations not supported by Biohazrd cannot be translated to C#.
--------------- TranslatedUnsupportedDeclaration PxBitAndDataT ---------------
Warning at PxBitAndData.h:43: Templates are not supported.
Error: Declarations not supported by Biohazrd cannot be translated to C#.
--------------------- TranslatedStaticField MAX_CONTACTS ---------------------
Error: Could not resolve symbol '?MAX_CONTACTS@ContactBuffer@Gu@physx@@2IB'
----------------------- TranslatedStaticField NO_LINK ------------------------
Error: Could not resolve symbol '?NO_LINK@PxSolverConstraintDesc@physx@@2GB'
----------------- TranslatedUnsupportedDeclaration typeMatch -----------------
Warning at PxBase.h:180: Templates are not supported.
Error: Declarations not supported by Biohazrd cannot be translated to C#.
------------------- TranslatedUnsupportedDeclaration is_1 --------------------
Warning at PxBase.h:111: Templates are not supported.
Warning: Renamed duplicate Biohazrd.TranslatedUnsupportedDeclaration declaration 'is' -> 'is_1'
Error: Declarations not supported by Biohazrd cannot be translated to C#.
------------------- TranslatedUnsupportedDeclaration is_0 --------------------
Warning at PxBase.h:101: Templates are not supported.
Warning: Renamed duplicate Biohazrd.TranslatedUnsupportedDeclaration declaration 'is' -> 'is_0'
Error: Declarations not supported by Biohazrd cannot be translated to C#.
-------------- TranslatedUnsupportedDeclaration readExtraData_1 --------------
Warning at PxSerialFramework.h:243: Templates are not supported.
Warning: Renamed duplicate Biohazrd.TranslatedUnsupportedDeclaration declaration 'readExtraData' -> 'readExtraData_1'
Error: Declarations not supported by Biohazrd cannot be translated to C#.
-------------- TranslatedUnsupportedDeclaration readExtraData_0 --------------
Warning at PxSerialFramework.h:228: Templates are not supported.
Warning: Renamed duplicate Biohazrd.TranslatedUnsupportedDeclaration declaration 'readExtraData' -> 'readExtraData_0'
Error: Declarations not supported by Biohazrd cannot be translated to C#.
-------------- TranslatedUnsupportedDeclaration translatePxBase --------------
Warning at PxSerialFramework.h:203: Templates are not supported.
Error: Declarations not supported by Biohazrd cannot be translated to C#.
------------------ TranslatedUnsupportedDeclaration PxFlags ------------------
Warning at PxFlags.h:72: Templates are not supported.
Error: Declarations not supported by Biohazrd cannot be translated to C#.
------------------ TranslatedUnsupportedDeclaration PxClamp ------------------
Warning at PxMath.h:136: Templates are not supported.
Error: Declarations not supported by Biohazrd cannot be translated to C#.
------------------- TranslatedUnsupportedDeclaration PxMin -------------------
Warning at PxMath.h:85: Templates are not supported.
Error: Declarations not supported by Biohazrd cannot be translated to C#.
------------------- TranslatedUnsupportedDeclaration PxMax -------------------
Warning at PxMath.h:69: Templates are not supported.
Error: Declarations not supported by Biohazrd cannot be translated to C#.
----------------- TranslatedUnsupportedDeclaration PX_UNUSED -----------------
Warning at PxPreprocessor.h:465: Templates are not supported.
Error: Declarations not supported by Biohazrd cannot be translated to C#.

==============================================================================
Generation Diagnostics
==============================================================================
Error: Could not emit TranslatedNormalField bytes @ TranslatedLibrary.PxGeometryHolder: Failed to resolve `Ref resolved by ` during emit time.
Error: Could not emit TranslatedNormalField materialIndex0 @ TranslatedLibrary.PxHeightFieldSample: Failed to resolve `Ref resolved by PxBitAndDataT` during emit time.
Error: Could not emit TranslatedNormalField materialIndex1 @ TranslatedLibrary.PxHeightFieldSample: Failed to resolve `Ref resolved by PxBitAndDataT` during emit time.
Error: Could not emit TranslatedNormalField userRaycastResultBuffer @ TranslatedLibrary.PxBatchQueryMemory: Failed to resolve `Ref resolved by PxBatchQueryResult` during emit time.
Error: Could not emit TranslatedNormalField userSweepResultBuffer @ TranslatedLibrary.PxBatchQueryMemory: Failed to resolve `Ref resolved by PxBatchQueryResult` during emit time.
Error: Could not emit TranslatedNormalField userOverlapResultBuffer @ TranslatedLibrary.PxBatchQueryMemory: Failed to resolve `Ref resolved by PxBatchQueryResult` during emit time.
Error: Could not emit TranslatedParameter hitCall @ TranslatedLibrary.PxScene.raycast: Failed to resolve `Ref resolved by PxHitCallback` during emit time.
Error: Could not emit TranslatedParameter hitCall @ TranslatedLibrary.PxScene.sweep: Failed to resolve `Ref resolved by PxHitCallback` during emit time.
Error: Could not emit TranslatedParameter hitCall @ TranslatedLibrary.PxScene.overlap: Failed to resolve `Ref resolved by PxHitCallback` during emit time.
Error: Could not emit TranslatedParameter hitCall @ TranslatedLibrary.PxScene.raycast: Failed to resolve `Ref resolved by PxHitCallback` during emit time.
Error: Could not emit TranslatedParameter hitCall @ TranslatedLibrary.PxScene.sweep: Failed to resolve `Ref resolved by PxHitCallback` during emit time.
Error: Could not emit TranslatedParameter hitCall @ TranslatedLibrary.PxScene.overlap: Failed to resolve `Ref resolved by PxHitCallback` during emit time.
Error: Could not emit TranslatedNormalField materialIndices @ TranslatedLibrary.PxTriangleMeshDesc: Failed to resolve `Ref resolved by PxTypedStridedData` during emit time.
Error: Could not emit TranslatedNormalField mFile @ TranslatedLibrary.PxDefaultFileOutputStream: Failed to resolve `Ref resolved by _iobuf` during emit time.
Error: Could not emit TranslatedNormalField mFile @ TranslatedLibrary.PxDefaultFileInputData: Failed to resolve `Ref resolved by _iobuf` during emit time.
Error: Could not emit TranslatedNormalField mTorqueCurve @ TranslatedLibrary.PxVehicleEngineData: Failed to resolve `Ref resolved by PxFixedSizeLookupTable` during emit time.
Error: Could not emit TranslatedNormalField mWheels4SimData @ TranslatedLibrary.PxVehicleWheelsSimData: Failed to resolve `Ref resolved by PxVehicleWheels4SimData` during emit time.
Error: Could not emit TranslatedFunction operator_Pipe @ TranslatedLibrary.Globals: Failed to resolve `Ref resolved by PxFlags` during emit time.
Error: Could not emit TranslatedFunction operator_Pipe @ TranslatedLibrary.Globals: Failed to resolve `Ref resolved by PxFlags` during emit time.
Error: Could not emit TranslatedFunction operator_Pipe @ TranslatedLibrary.Globals: Failed to resolve `Ref resolved by PxFlags` during emit time.
Error: Could not emit TranslatedFunction operator_Pipe @ TranslatedLibrary.Globals: Failed to resolve `Ref resolved by PxFlags` during emit time.
Error: Could not emit TranslatedFunction operator_Amp @ TranslatedLibrary.Globals: Failed to resolve `Ref resolved by PxFlags` during emit time.
Error: Could not emit TranslatedFunction operator_Amp @ TranslatedLibrary.Globals: Failed to resolve `Ref resolved by PxFlags` during emit time.
Error: Could not emit TranslatedFunction operator_Amp @ TranslatedLibrary.Globals: Failed to resolve `Ref resolved by PxFlags` during emit time.
Error: Could not emit TranslatedFunction operator_Amp @ TranslatedLibrary.Globals: Failed to resolve `Ref resolved by PxFlags` during emit time.
Error: Could not emit TranslatedFunction operator_Tilde @ TranslatedLibrary.Globals: Failed to resolve `Ref resolved by PxFlags` during emit time.
Error: Could not emit TranslatedFunction operator_Tilde @ TranslatedLibrary.Globals: Failed to resolve `Ref resolved by PxFlags` during emit time.
Error: Could not emit TranslatedFunction operator_Tilde @ TranslatedLibrary.Globals: Failed to resolve `Ref resolved by PxFlags` during emit time.
Error: Could not emit TranslatedFunction operator_Tilde @ TranslatedLibrary.Globals: Failed to resolve `Ref resolved by PxFlags` during emit time.
Error: Could not emit TranslatedParameter sceneQueryResults @ TranslatedLibrary.Globals.PxVehicleSuspensionRaycasts: Failed to resolve `Ref resolved by PxBatchQueryResult` during emit time.
Error: Could not emit TranslatedParameter sceneQueryResults @ TranslatedLibrary.Globals.PxVehicleSuspensionSweeps: Failed to resolve `Ref resolved by PxBatchQueryResult` during emit time.
Error: Could not emit TranslatedParameter steerVsForwardSpeedTable @ TranslatedLibrary.Globals.PxVehicleDrive4WSmoothDigitalRawInputsAndSetAnalogInputs: Failed to resolve `Ref resolved by PxFixedSizeLookupTable` during emit time.
Error: Could not emit TranslatedParameter steerVsForwardSpeedTable @ TranslatedLibrary.Globals.PxVehicleDrive4WSmoothAnalogRawInputsAndSetAnalogInputs: Failed to resolve `Ref resolved by PxFixedSizeLookupTable` during emit time.
Error: Could not emit TranslatedParameter steerVsForwardSpeedTable @ TranslatedLibrary.Globals.PxVehicleDriveNWSmoothDigitalRawInputsAndSetAnalogInputs: Failed to resolve `Ref resolved by PxFixedSizeLookupTable` during emit time.
Error: Could not emit TranslatedParameter steerVsForwardSpeedTable @ TranslatedLibrary.Globals.PxVehicleDriveNWSmoothAnalogRawInputsAndSetAnalogInputs: Failed to resolve `Ref resolved by PxFixedSizeLookupTable` during emit time.
